Determining if the function sgemm_ exists failed with the following output:
Change Dir: /home/robot/robot_ws/RTECAT_MobileManipulator/build/CMakeFiles/CMakeTmp

Run Build Command(s):/usr/bin/make cmTC_a3c53/fast && /usr/bin/make -f CMakeFiles/cmTC_a3c53.dir/build.make CMakeFiles/cmTC_a3c53.dir/build
make[1]: Entering directory '/home/robot/robot_ws/RTECAT_MobileManipulator/build/CMakeFiles/CMakeTmp'
Building C object CMakeFiles/cmTC_a3c53.dir/CheckFunctionExists.c.o
/usr/bin/gcc   -DCHECK_FUNCTION_EXISTS=sgemm_   -o CMakeFiles/cmTC_a3c53.dir/CheckFunctionExists.c.o   -c /usr/share/cmake-3.16/Modules/CheckFunctionExists.c
Linking C executable cmTC_a3c53
/usr/bin/cmake -E cmake_link_script CMakeFiles/cmTC_a3c53.dir/link.txt --verbose=1
/usr/bin/gcc  -DCHECK_FUNCTION_EXISTS=sgemm_    CMakeFiles/cmTC_a3c53.dir/CheckFunctionExists.c.o  -o cmTC_a3c53 
/usr/bin/ld: CMakeFiles/cmTC_a3c53.dir/CheckFunctionExists.c.o: in function `main':
CheckFunctionExists.c:(.text+0x14): undefined reference to `sgemm_'
collect2: error: ld returned 1 exit status
make[1]: *** [CMakeFiles/cmTC_a3c53.dir/build.make:87: cmTC_a3c53] Error 1
make[1]: Leaving directory '/home/robot/robot_ws/RTECAT_MobileManipulator/build/CMakeFiles/CMakeTmp'
make: *** [Makefile:121: cmTC_a3c53/fast] Error 2



Performing C SOURCE FILE Test CMAKE_HAVE_LIBC_PTHREAD failed with the following output:
Change Dir: /home/robot/robot_ws/RTECAT_MobileManipulator/build/CMakeFiles/CMakeTmp

Run Build Command(s):/usr/bin/make cmTC_64949/fast && /usr/bin/make -f CMakeFiles/cmTC_64949.dir/build.make CMakeFiles/cmTC_64949.dir/build
make[1]: Entering directory '/home/robot/robot_ws/RTECAT_MobileManipulator/build/CMakeFiles/CMakeTmp'
Building C object CMakeFiles/cmTC_64949.dir/src.c.o
/usr/bin/gcc   -DCMAKE_HAVE_LIBC_PTHREAD   -o CMakeFiles/cmTC_64949.dir/src.c.o   -c /home/robot/robot_ws/RTECAT_MobileManipulator/build/CMakeFiles/CMakeTmp/src.c
Linking C executable cmTC_64949
/usr/bin/cmake -E cmake_link_script CMakeFiles/cmTC_64949.dir/link.txt --verbose=1
/usr/bin/gcc  -DCMAKE_HAVE_LIBC_PTHREAD    CMakeFiles/cmTC_64949.dir/src.c.o  -o cmTC_64949 
/usr/bin/ld: CMakeFiles/cmTC_64949.dir/src.c.o: in function `main':
src.c:(.text+0x46): undefined reference to `pthread_create'
/usr/bin/ld: src.c:(.text+0x52): undefined reference to `pthread_detach'
/usr/bin/ld: src.c:(.text+0x63): undefined reference to `pthread_join'
collect2: error: ld returned 1 exit status
make[1]: *** [CMakeFiles/cmTC_64949.dir/build.make:87: cmTC_64949] Error 1
make[1]: Leaving directory '/home/robot/robot_ws/RTECAT_MobileManipulator/build/CMakeFiles/CMakeTmp'
make: *** [Makefile:121: cmTC_64949/fast] Error 2


Source file was:
#include <pthread.h>

void* test_func(void* data)
{
  return data;
}

int main(void)
{
  pthread_t thread;
  pthread_create(&thread, NULL, test_func, NULL);
  pthread_detach(thread);
  pthread_join(thread, NULL);
  pthread_atfork(NULL, NULL, NULL);
  pthread_exit(NULL);

  return 0;
}

Determining if the function pthread_create exists in the pthreads failed with the following output:
Change Dir: /home/robot/robot_ws/RTECAT_MobileManipulator/build/CMakeFiles/CMakeTmp

Run Build Command(s):/usr/bin/make cmTC_db14e/fast && /usr/bin/make -f CMakeFiles/cmTC_db14e.dir/build.make CMakeFiles/cmTC_db14e.dir/build
make[1]: Entering directory '/home/robot/robot_ws/RTECAT_MobileManipulator/build/CMakeFiles/CMakeTmp'
Building C object CMakeFiles/cmTC_db14e.dir/CheckFunctionExists.c.o
/usr/bin/gcc   -DCHECK_FUNCTION_EXISTS=pthread_create   -o CMakeFiles/cmTC_db14e.dir/CheckFunctionExists.c.o   -c /usr/share/cmake-3.16/Modules/CheckFunctionExists.c
Linking C executable cmTC_db14e
/usr/bin/cmake -E cmake_link_script CMakeFiles/cmTC_db14e.dir/link.txt --verbose=1
/usr/bin/gcc  -DCHECK_FUNCTION_EXISTS=pthread_create    CMakeFiles/cmTC_db14e.dir/CheckFunctionExists.c.o  -o cmTC_db14e  -lpthreads 
/usr/bin/ld: cannot find -lpthreads
collect2: error: ld returned 1 exit status
make[1]: *** [CMakeFiles/cmTC_db14e.dir/build.make:87: cmTC_db14e] Error 1
make[1]: Leaving directory '/home/robot/robot_ws/RTECAT_MobileManipulator/build/CMakeFiles/CMakeTmp'
make: *** [Makefile:121: cmTC_db14e/fast] Error 2



Determining if the function cheev_ exists failed with the following output:
Change Dir: /home/robot/robot_ws/RTECAT_MobileManipulator/build/CMakeFiles/CMakeTmp

Run Build Command(s):/usr/bin/make cmTC_370d2/fast && /usr/bin/make -f CMakeFiles/cmTC_370d2.dir/build.make CMakeFiles/cmTC_370d2.dir/build
make[1]: Entering directory '/home/robot/robot_ws/RTECAT_MobileManipulator/build/CMakeFiles/CMakeTmp'
Building C object CMakeFiles/cmTC_370d2.dir/CheckFunctionExists.c.o
/usr/bin/gcc   -DCHECK_FUNCTION_EXISTS=cheev_   -o CMakeFiles/cmTC_370d2.dir/CheckFunctionExists.c.o   -c /usr/share/cmake-3.16/Modules/CheckFunctionExists.c
Linking C executable cmTC_370d2
/usr/bin/cmake -E cmake_link_script CMakeFiles/cmTC_370d2.dir/link.txt --verbose=1
/usr/bin/gcc  -DCHECK_FUNCTION_EXISTS=cheev_    CMakeFiles/cmTC_370d2.dir/CheckFunctionExists.c.o  -o cmTC_370d2  /usr/lib/x86_64-linux-gnu/libblas.so 
/usr/bin/ld: CMakeFiles/cmTC_370d2.dir/CheckFunctionExists.c.o: in function `main':
CheckFunctionExists.c:(.text+0x14): undefined reference to `cheev_'
collect2: error: ld returned 1 exit status
make[1]: *** [CMakeFiles/cmTC_370d2.dir/build.make:88: cmTC_370d2] Error 1
make[1]: Leaving directory '/home/robot/robot_ws/RTECAT_MobileManipulator/build/CMakeFiles/CMakeTmp'
make: *** [Makefile:121: cmTC_370d2/fast] Error 2



